[0.009s] Invoking command in '/home/hisa/ros2_ws/src/ros2can_bridge/build/can_msgs': CMAKE_PREFIX_PATH=/opt/ros/humble /usr/bin/cmake /home/hisa/ros2_ws/src/ros2can_bridge/can_msgs -DCMAKE_INSTALL_PREFIX=/home/hisa/ros2_ws/src/ros2can_bridge/install/can_msgs
[0.115s] -- The C compiler identification is GNU 11.4.0
[0.195s] -- The CXX compiler identification is GNU 11.4.0
[0.202s] -- Detecting C compiler ABI info
[0.269s] -- Detecting C compiler ABI info - done
[0.274s] -- Check for working C compiler: /usr/bin/cc - skipped
[0.274s] -- Detecting C compile features
[0.274s] -- Detecting C compile features - done
[0.277s] -- Detecting CXX compiler ABI info
[0.350s] -- Detecting CXX compiler ABI info - done
[0.354s] -- Check for working CXX compiler: /usr/bin/c++ - skipped
[0.354s] -- Detecting CXX compile features
[0.355s] -- Detecting CXX compile features - done
[0.359s] -- Found ament_cmake: 1.3.8 (/opt/ros/humble/share/ament_cmake/cmake)
[0.470s] -- Found Python3: /usr/bin/python3 (found version "3.10.12") found components: Interpreter 
[0.530s] -- Found builtin_interfaces: 1.2.1 (/opt/ros/humble/share/builtin_interfaces/cmake)
[0.554s] -- Found rosidl_generator_c: 3.1.5 (/opt/ros/humble/share/rosidl_generator_c/cmake)
[0.558s] -- Found rosidl_adapter: 3.1.5 (/opt/ros/humble/share/rosidl_adapter/cmake)
[0.563s] -- Found rosidl_generator_cpp: 3.1.5 (/opt/ros/humble/share/rosidl_generator_cpp/cmake)
[0.573s] -- Using all available rosidl_typesupport_c: rosidl_typesupport_fastrtps_c;rosidl_typesupport_introspection_c
[0.585s] -- Using all available rosidl_typesupport_cpp: rosidl_typesupport_fastrtps_cpp;rosidl_typesupport_introspection_cpp
[0.596s] -- Found rosidl_default_generators: 1.2.0 (/opt/ros/humble/share/rosidl_default_generators/cmake)
[0.603s] -- Found geometry_msgs: 4.2.3 (/opt/ros/humble/share/geometry_msgs/cmake)
[0.802s] [31mCMake Error at /opt/ros/humble/share/rosidl_cmake/cmake/rosidl_generate_interfaces.cmake:229 (message):
[0.802s]   Packages installing interfaces must include
[0.803s]   '<member_of_group>rosidl_interface_packages</member_of_group>' in their
[0.803s]   package.xml
[0.803s] Call Stack (most recent call first):
[0.803s]   CMakeLists.txt:15 (rosidl_generate_interfaces)
[0.803s] 
[0.803s] [0m
[0.803s] -- Configuring incomplete, errors occurred!
[0.803s] See also "/home/hisa/ros2_ws/src/ros2can_bridge/build/can_msgs/CMakeFiles/CMakeOutput.log".
[0.810s] Invoked command in '/home/hisa/ros2_ws/src/ros2can_bridge/build/can_msgs' returned '1': CMAKE_PREFIX_PATH=/opt/ros/humble /usr/bin/cmake /home/hisa/ros2_ws/src/ros2can_bridge/can_msgs -DCMAKE_INSTALL_PREFIX=/home/hisa/ros2_ws/src/ros2can_bridge/install/can_msgs
