[0.008s] Invoking command in '/home/hisa/ros2_ws/build/can_msgs': CMAKE_PREFIX_PATH=/opt/ros/humble /usr/bin/cmake /home/hisa/ros2_ws/src/ros2can_bridge/ros2socketcan_bridge -DCMAKE_INSTALL_PREFIX=/home/hisa/ros2_ws/install/can_msgs
[0.055s] -- The C compiler identification is GNU 11.4.0
[0.098s] -- The CXX compiler identification is GNU 11.4.0
[0.105s] -- Detecting C compiler ABI info
[0.163s] -- Detecting C compiler ABI info - done
[0.170s] -- Check for working C compiler: /usr/bin/cc - skipped
[0.170s] -- Detecting C compile features
[0.171s] -- Detecting C compile features - done
[0.173s] -- Detecting CXX compiler ABI info
[0.243s] -- Detecting CXX compiler ABI info - done
[0.248s] -- Check for working CXX compiler: /usr/bin/c++ - skipped
[0.248s] -- Detecting CXX compile features
[0.249s] -- Detecting CXX compile features - done
[0.251s] -- Found ament_cmake: 1.3.8 (/opt/ros/humble/share/ament_cmake/cmake)
[0.356s] -- Found Python3: /usr/bin/python3 (found version "3.10.12") found components: Interpreter 
[0.420s] -- Found builtin_interfaces: 1.2.1 (/opt/ros/humble/share/builtin_interfaces/cmake)
[0.443s] -- Found rosidl_generator_c: 3.1.5 (/opt/ros/humble/share/rosidl_generator_c/cmake)
[0.446s] -- Found rosidl_adapter: 3.1.5 (/opt/ros/humble/share/rosidl_adapter/cmake)
[0.452s] -- Found rosidl_generator_cpp: 3.1.5 (/opt/ros/humble/share/rosidl_generator_cpp/cmake)
[0.460s] -- Using all available rosidl_typesupport_c: rosidl_typesupport_fastrtps_c;rosidl_typesupport_introspection_c
[0.472s] -- Using all available rosidl_typesupport_cpp: rosidl_typesupport_fastrtps_cpp;rosidl_typesupport_introspection_cpp
[0.484s] -- Found geometry_msgs: 4.2.3 (/opt/ros/humble/share/geometry_msgs/cmake)
[0.544s] -- Found rosidl_default_generators: 1.2.0 (/opt/ros/humble/share/rosidl_default_generators/cmake)
[0.550s] -- Found rclcpp: 16.0.8 (/opt/ros/humble/share/rclcpp/cmake)
[0.588s] -- Found rmw_implementation_cmake: 6.1.1 (/opt/ros/humble/share/rmw_implementation_cmake/cmake)
[0.590s] -- Found rmw_fastrtps_cpp: 6.2.6 (/opt/ros/humble/share/rmw_fastrtps_cpp/cmake)
[0.684s] -- Found OpenSSL: /usr/lib/x86_64-linux-gnu/libcrypto.so (found version "3.0.2")  
[0.707s] -- Found FastRTPS: /opt/ros/humble/include  
[0.746s] -- Using RMW implementation 'rmw_fastrtps_cpp' as default
[0.752s] -- Looking for pthread.h
[0.819s] -- Looking for pthread.h - found
[0.819s] -- Performing Test CMAKE_HAVE_LIBC_PTHREAD
[0.886s] -- Performing Test CMAKE_HAVE_LIBC_PTHREAD - Success
[0.887s] -- Found Threads: TRUE  
[0.976s] [31mCMake Error at CMakeLists.txt:22 (find_package):
[0.977s]   By not providing "Findcan_msgs.cmake" in CMAKE_MODULE_PATH this project has
[0.977s]   asked CMake to find a package configuration file provided by "can_msgs",
[0.977s]   but CMake did not find one.
[0.977s] 
[0.977s]   Could not find a package configuration file provided by "can_msgs" with any
[0.977s]   of the following names:
[0.977s] 
[0.977s]     can_msgsConfig.cmake
[0.977s]     can_msgs-config.cmake
[0.977s] 
[0.977s]   Add the installation prefix of "can_msgs" to CMAKE_PREFIX_PATH or set
[0.977s]   "can_msgs_DIR" to a directory containing one of the above files.  If
[0.977s]   "can_msgs" provides a separate development package or SDK, be sure it has
[0.977s]   been installed.
[0.977s] 
[0.977s] [0m
[0.977s] -- Configuring incomplete, errors occurred!
[0.977s] See also "/home/hisa/ros2_ws/build/can_msgs/CMakeFiles/CMakeOutput.log".
