[0.008s] Invoking command in '/home/hisa/ros2_ws/build/can_msgs_1': CMAKE_PREFIX_PATH=/opt/ros/humble /usr/bin/cmake /home/hisa/ros2_ws/src/ros2can_bridge/can_msgs_1 -DCMAKE_INSTALL_PREFIX=/home/hisa/ros2_ws/install/can_msgs_1
[0.016s] -- Found ament_cmake: 1.3.8 (/opt/ros/humble/share/ament_cmake/cmake)
[0.101s] -- Found builtin_interfaces: 1.2.1 (/opt/ros/humble/share/builtin_interfaces/cmake)
[0.117s] -- Found rosidl_generator_c: 3.1.5 (/opt/ros/humble/share/rosidl_generator_c/cmake)
[0.118s] -- Found rosidl_adapter: 3.1.5 (/opt/ros/humble/share/rosidl_adapter/cmake)
[0.122s] -- Found rosidl_generator_cpp: 3.1.5 (/opt/ros/humble/share/rosidl_generator_cpp/cmake)
[0.129s] -- Using all available rosidl_typesupport_c: rosidl_typesupport_fastrtps_c;rosidl_typesupport_introspection_c
[0.138s] -- Using all available rosidl_typesupport_cpp: rosidl_typesupport_fastrtps_cpp;rosidl_typesupport_introspection_cpp
[0.147s] -- Found rosidl_default_generators: 1.2.0 (/opt/ros/humble/share/rosidl_default_generators/cmake)
[0.151s] -- Found geometry_msgs: 4.2.3 (/opt/ros/humble/share/geometry_msgs/cmake)
[0.340s] [31mCMake Error at /opt/ros/humble/share/rosidl_cmake/cmake/rosidl_generate_interfaces.cmake:229 (message):
[0.340s]   Packages installing interfaces must include
[0.340s]   '<member_of_group>rosidl_interface_packages</member_of_group>' in their
[0.340s]   package.xml
[0.340s] Call Stack (most recent call first):
[0.340s]   CMakeLists.txt:15 (rosidl_generate_interfaces)
[0.340s] 
[0.340s] [0m
[0.340s] -- Configuring incomplete, errors occurred!
[0.340s] See also "/home/hisa/ros2_ws/build/can_msgs_1/CMakeFiles/CMakeOutput.log".
[0.345s] Invoked command in '/home/hisa/ros2_ws/build/can_msgs_1' returned '1': CMAKE_PREFIX_PATH=/opt/ros/humble /usr/bin/cmake /home/hisa/ros2_ws/src/ros2can_bridge/can_msgs_1 -DCMAKE_INSTALL_PREFIX=/home/hisa/ros2_ws/install/can_msgs_1
