[0.008s] Invoking command in '/home/hisa/ros2_ws/build/can_msgs': CMAKE_PREFIX_PATH=/opt/ros/humble /usr/bin/cmake /home/hisa/ros2_ws/src/ros2can_bridge/ros2socketcan_bridge -DCMAKE_INSTALL_PREFIX=/home/hisa/ros2_ws/install/can_msgs
[0.016s] -- Found ament_cmake: 1.3.8 (/opt/ros/humble/share/ament_cmake/cmake)
[0.102s] -- Found builtin_interfaces: 1.2.1 (/opt/ros/humble/share/builtin_interfaces/cmake)
[0.117s] -- Found rosidl_generator_c: 3.1.5 (/opt/ros/humble/share/rosidl_generator_c/cmake)
[0.118s] -- Found rosidl_adapter: 3.1.5 (/opt/ros/humble/share/rosidl_adapter/cmake)
[0.121s] -- Found rosidl_generator_cpp: 3.1.5 (/opt/ros/humble/share/rosidl_generator_cpp/cmake)
[0.129s] -- Using all available rosidl_typesupport_c: rosidl_typesupport_fastrtps_c;rosidl_typesupport_introspection_c
[0.139s] -- Using all available rosidl_typesupport_cpp: rosidl_typesupport_fastrtps_cpp;rosidl_typesupport_introspection_cpp
[0.148s] -- Found geometry_msgs: 4.2.3 (/opt/ros/humble/share/geometry_msgs/cmake)
[0.206s] -- Found rosidl_default_generators: 1.2.0 (/opt/ros/humble/share/rosidl_default_generators/cmake)
[0.210s] -- Found rclcpp: 16.0.8 (/opt/ros/humble/share/rclcpp/cmake)
[0.240s] -- Found rmw_implementation_cmake: 6.1.1 (/opt/ros/humble/share/rmw_implementation_cmake/cmake)
[0.241s] -- Found rmw_fastrtps_cpp: 6.2.6 (/opt/ros/humble/share/rmw_fastrtps_cpp/cmake)
[0.332s] -- Using RMW implementation 'rmw_fastrtps_cpp' as default
[0.418s] [31mCMake Error at CMakeLists.txt:22 (find_package):
[0.418s]   By not providing "Findcan_msgs.cmake" in CMAKE_MODULE_PATH this project has
[0.418s]   asked CMake to find a package configuration file provided by "can_msgs",
[0.418s]   but CMake did not find one.
[0.418s] 
[0.418s]   Could not find a package configuration file provided by "can_msgs" with any
[0.418s]   of the following names:
[0.418s] 
[0.419s]     can_msgsConfig.cmake
[0.419s]     can_msgs-config.cmake
[0.419s] 
[0.419s]   Add the installation prefix of "can_msgs" to CMAKE_PREFIX_PATH or set
[0.419s]   "can_msgs_DIR" to a directory containing one of the above files.  If
[0.419s]   "can_msgs" provides a separate development package or SDK, be sure it has
[0.419s]   been installed.
[0.419s] 
[0.419s] [0m
[0.419s] -- Configuring incomplete, errors occurred!
[0.419s] See also "/home/hisa/ros2_ws/build/can_msgs/CMakeFiles/CMakeOutput.log".
